http://broadcast.vulnnet.thm/404.php (Status: 200) [Size: 14912]
http://broadcast.vulnnet.thm/403.php (Status: 200) [Size: 14893]
http://broadcast.vulnnet.thm/LICENSE (Status: 200) [Size: 2588]
http://broadcast.vulnnet.thm/actions (Status: 301) [Size: 332]
http://broadcast.vulnnet.thm/admin_area (Status: 301) [Size: 335]
http://broadcast.vulnnet.thm/api (Status: 301) [Size: 328]
http://broadcast.vulnnet.thm/cache (Status: 301) [Size: 330]
http://broadcast.vulnnet.thm/captcha.php (Status: 200) [Size: 213]
http://broadcast.vulnnet.thm/contact.php (Status: 200) [Size: 15995]
http://broadcast.vulnnet.thm/download.php (Status: 200) [Size: 14047]
http://broadcast.vulnnet.thm/favicon.ico (Status: 200) [Size: 3262]
http://broadcast.vulnnet.thm/files (Status: 301) [Size: 330]
http://broadcast.vulnnet.thm/forgot.php (Status: 200) [Size: 14749]
http://broadcast.vulnnet.thm/groups.php (Status: 200) [Size: 18131]
http://broadcast.vulnnet.thm/images (Status: 301) [Size: 331]
http://broadcast.vulnnet.thm/includes (Status: 301) [Size: 333]
http://broadcast.vulnnet.thm/index.php (Status: 200) [Size: 17146]
http://broadcast.vulnnet.thm/index.php (Status: 200) [Size: 17146]
http://broadcast.vulnnet.thm/js (Status: 301) [Size: 327]
http://broadcast.vulnnet.thm/logout.php (Status: 200) [Size: 143]
http://broadcast.vulnnet.thm/module.php (Status: 200) [Size: 14019]
http://broadcast.vulnnet.thm/myaccount.php (Status: 200) [Size: 165]
http://broadcast.vulnnet.thm/opensearch.php (Status: 200) [Size: 415]
http://broadcast.vulnnet.thm/photos.php (Status: 200) [Size: 17974]
http://broadcast.vulnnet.thm/player (Status: 301) [Size: 331]
http://broadcast.vulnnet.thm/plugins (Status: 301) [Size: 332]
http://broadcast.vulnnet.thm/privacy.php (Status: 500) [Size: 4979]
http://broadcast.vulnnet.thm/readme (Status: 200) [Size: 2968]
http://broadcast.vulnnet.thm/rss.php (Status: 200) [Size: 409]
http://broadcast.vulnnet.thm/search_result.php (Status: 200) [Size: 14978]
http://broadcast.vulnnet.thm/sitemap.php (Status: 200) [Size: 181]
http://broadcast.vulnnet.thm/signup.php (Status: 200) [Size: 34923]
http://broadcast.vulnnet.thm/styles (Status: 301) [Size: 331]
http://broadcast.vulnnet.thm/upload.php (Status: 200) [Size: 18527]
http://broadcast.vulnnet.thm/videos.php (Status: 200) [Size: 20945]
