Target: http://site.wekor.thm/wordpress/FUZZ
Total requests: 877
==================================================================
ID    Response   Lines      Word         Chars          Request    
==================================================================
00003:  C=200     97 L	     823 W	   7278 Ch	  "readme.html"
00019:  C=200    116 L	    1024 W	  22252 Ch	  "wp-admin/css/"
00008:  C=200      0 L	       1 W	      2 Ch	  "wp-admin/admin-footer.php"
00006:  C=400      0 L	       1 W	      1 Ch	  "wp-admin/admin-ajax.php"
00033:  C=200     42 L	      78 W	    647 Ch	  "wp-admin/css/farbtastic-rtl.css"
00042:  C=200    381 L	     755 W	   6017 Ch	  "wp-admin/css/install.css"
00032:  C=200     41 L	      72 W	    611 Ch	  "wp-admin/css/farbtastic.css"
00002:  C=200    384 L	    3177 W	  19915 Ch	  "license.txt"
00044:  C=200    382 L	     761 W	   6051 Ch	  "wp-admin/css/install-rtl.css"
00046:  C=200    417 L	     862 W	   6823 Ch	  "wp-admin/css/login.css"
00028:  C=200   1328 L	    2817 W	  24791 Ch	  "wp-admin/css/dashboard.css"
00030:  C=200   1329 L	    2823 W	  24823 Ch	  "wp-admin/css/dashboard-rtl.css"
00050:  C=200   1317 L	    2722 W	  24370 Ch	  "wp-admin/css/media.css"
00048:  C=200    418 L	     868 W	   6863 Ch	  "wp-admin/css/login-rtl.css"
00052:  C=200   1318 L	    2728 W	  24416 Ch	  "wp-admin/css/media-rtl.css"
00100:  C=200      0 L	       1 W	      2 Ch	  "wp-admin/edit-tag-form.php"
00095:  C=200      0 L	       1 W	      2 Ch	  "wp-admin/edit-link-form.php"
00091:  C=200      0 L	       1 W	      2 Ch	  "wp-admin/edit-form-comment.php"
00090:  C=200      0 L	       1 W	      2 Ch	  "wp-admin/edit-form-advanced.php"
00078:  C=200     15 L	      30 W	    395 Ch	  "wp-admin/css/wp-admin.css"
00080:  C=200     16 L	      36 W	    490 Ch	  "wp-admin/css/wp-admin-rtl.css"
00128:  C=200      1 L	      11 W	    398 Ch	  "wp-admin/images/date-button.gif"
00074:  C=200    874 L	    1806 W	  17619 Ch	  "wp-admin/css/widgets.css"
00076:  C=200    875 L	    1812 W	  17657 Ch	  "wp-admin/css/widgets-rtl.css"
00104:  C=200     84 L	     716 W	  15212 Ch	  "wp-admin/images/"
00106:  C=200      2 L	      19 W	    531 Ch	  "wp-admin/images/align-left.png"
00127:  C=200      2 L	       8 W	    113 Ch	  "wp-admin/images/comment-grey-bubble.png"
00121:  C=200      1 L	       8 W	    383 Ch	  "wp-admin/images/bubble_bg.gif"
00108:  C=200      4 L	      20 W	    486 Ch	  "wp-admin/images/align-right.png"
00105:  C=200      3 L	      25 W	    521 Ch	  "wp-admin/images/align-center.png"
00107:  C=200      3 L	      16 W	    398 Ch	  "wp-admin/images/align-none.png"
00146:  C=200     17 L	      90 W	   1349 Ch	  "wp-admin/images/loading.gif"
00159:  C=200      0 L	       7 W	    130 Ch	  "wp-admin/images/media-button-video.gif"
00158:  C=200      2 L	      14 W	    241 Ch	  "wp-admin/images/media-button-other.gif"
00157:  C=200      0 L	       9 W	    193 Ch	  "wp-admin/images/media-button-music.gif"
00156:  C=200      1 L	       6 W	    196 Ch	  "wp-admin/images/media-button-image.gif"
00155:  C=200     15 L	      81 W	   1912 Ch	  "wp-admin/images/mask.png"
00154:  C=200      2 L	      13 W	    345 Ch	  "wp-admin/images/marker.png"
00144:  C=200      5 L	      26 W	    980 Ch	  "wp-admin/images/list.png"
00143:  C=200     13 L	     147 W	   3845 Ch	  "wp-admin/images/imgedit-icons.png"
00142:  C=200     31 L	     251 W	   7605 Ch	  "wp-admin/images/icons32-vs.png"
00141:  C=200     17 L	     254 W	   7635 Ch	  "wp-admin/images/icons32.png"
00139:  C=200      2 L	      32 W	    682 Ch	  "wp-admin/images/generic.png"
00186:  C=200     12 L	     107 W	   2376 Ch	  "wp-admin/images/wordpress-logo.png"
00182:  C=200     31 L	     265 W	   5816 Ch	  "wp-admin/images/wheel.png"
00175:  C=200      5 L	      10 W	    117 Ch	  "wp-admin/images/se.png"
00172:  C=200      0 L	       5 W	     63 Ch	  "wp-admin/images/resize.gif"
00169:  C=200      6 L	      34 W	    744 Ch	  "wp-admin/images/no.png"
00168:  C=200     20 L	     193 W	   4818 Ch	  "wp-admin/images/menu-vs.png"
00167:  C=200     17 L	     189 W	   4802 Ch	  "wp-admin/images/menu.png"
00191:  C=200     29 L	     172 W	   2025 Ch	  "wp-admin/images/wpspin_light.gif"
00193:  C=200      4 L	      16 W	    525 Ch	  "wp-admin/images/yes.png"
00205:  C=200    121 L	    1171 W	  24794 Ch	  "wp-admin/includes/"
00192:  C=200      2 L	       9 W	    175 Ch	  "wp-admin/images/xit.gif"
00252:  C=200     16 L	      83 W	   1337 Ch	  "wp-admin/install.php"
00260:  C=200    102 L	     374 W	   2877 Ch	  "wp-admin/js/comment.js"
00283:  C=200    136 L	     481 W	   3875 Ch	  "wp-admin/js/link.js"
00254:  C=200    109 L	    1035 W	  20805 Ch	  "wp-admin/js/"
00281:  C=200    294 L	    1078 W	   7745 Ch	  "wp-admin/js/inline-edit-tax.js"
00273:  C=200    275 L	    1042 W	   7689 Ch	  "wp-admin/js/farbtastic.js"
00268:  C=200    839 L	    3484 W	  27525 Ch	  "wp-admin/js/dashboard.js"
00279:  C=200    571 L	    2219 W	  16470 Ch	  "wp-admin/js/inline-edit-post.js"
00275:  C=200    241 L	     691 W	   5642 Ch	  "wp-admin/js/gallery.js"
00264:  C=200    147 L	     441 W	   3419 Ch	  "wp-admin/js/custom-background.js"
00277:  C=200   1237 L	    4739 W	  31863 Ch	  "wp-admin/js/image-edit.js"
00270:  C=200   1347 L	    4955 W	  37168 Ch	  "wp-admin/js/edit-comments.js"
00314:  C=200     23 L	     121 W	    759 Ch	  "wp-admin/js/xfn.js"
00272:  C=200   1416 L	    6165 W	  45334 Ch	  "wp-admin/js/editor.js"
00312:  C=200    220 L	     878 W	   7696 Ch	  "wp-admin/js/word-count.js"
00306:  C=200    401 L	    1328 W	  11211 Ch	  "wp-admin/js/user-profile.js"
00302:  C=200    164 L	     663 W	   4734 Ch	  "wp-admin/js/tags.js"
00262:  C=200   2024 L	    6752 W	  52405 Ch	  "wp-admin/js/common.js"
00310:  C=200    763 L	    2673 W	  23066 Ch	  "wp-admin/js/widgets.js"
00300:  C=200     28 L	     108 W	    874 Ch	  "wp-admin/js/set-post-thumbnail.js"
00293:  C=200    229 L	    1019 W	   7048 Ch	  "wp-admin/js/plugin-install.js"
00291:  C=200    149 L	     567 W	   4232 Ch	  "wp-admin/js/password-strength-meter.js"
00285:  C=200    210 L	     767 W	   5410 Ch	  "wp-admin/js/media.js"
00287:  C=200    113 L	     540 W	   3458 Ch	  "wp-admin/js/media-upload.js"
00295:  C=200    654 L	    2394 W	  18795 Ch	  "wp-admin/js/postbox.js"
00323:  C=200     16 L	      59 W	    999 Ch	  "wp-admin/maint/"
00297:  C=200   1324 L	    4782 W	  39199 Ch	  "wp-admin/js/post.js"
00289:  C=200   1331 L	    4899 W	  44018 Ch	  "wp-admin/js/nav-menu.js"
00324:  C=200     18 L	      95 W	   1376 Ch	  "wp-admin/maint/repair.php"
00396:  C=500    119 L	     306 W	   2609 Ch	  "wp-config-sample.php"
00375:  C=200     23 L	      80 W	   1313 Ch	  "wp-admin/upgrade.php"
00364:  C=409    120 L	     335 W	   2842 Ch	  "wp-admin/setup-config.php"
00403:  C=200      0 L	      14 W	     69 Ch	  "wp-content/plugins/akismet/akismet.php"
00405:  C=200     45 L	     368 W	   2386 Ch	  "wp-content/plugins/akismet/readme.txt"
00498:  C=200    236 L	    2391 W	  49071 Ch	  "wp-includes/"
00552:  C=200      2 L	      15 W	    433 Ch	  "wp-includes/images/crystal/default.png"
00576:  C=200      6 L	      36 W	    632 Ch	  "wp-includes/images/smilies/icon_redface.gif"
00575:  C=200      1 L	       8 W	    170 Ch	  "wp-includes/images/smilies/icon_razz.gif"
00577:  C=200      8 L	      30 W	    461 Ch	  "wp-includes/images/smilies/icon_rolleyes.gif"
00546:  C=200     44 L	     332 W	   6871 Ch	  "wp-includes/images/"
00574:  C=200      1 L	       7 W	    243 Ch	  "wp-includes/images/smilies/icon_question.gif"
00548:  C=200     25 L	     142 W	   2848 Ch	  "wp-includes/images/crystal/"
00573:  C=200      0 L	       8 W	    167 Ch	  "wp-includes/images/smilies/icon_neutral.gif"
00560:  C=200     41 L	     305 W	   6248 Ch	  "wp-includes/images/smilies/"
00572:  C=200      2 L	      10 W	    329 Ch	  "wp-includes/images/smilies/icon_mrgreen.gif"
00570:  C=200      3 L	      17 W	    331 Ch	  "wp-includes/images/smilies/icon_lol.gif"
00571:  C=200      0 L	       6 W	    170 Ch	  "wp-includes/images/smilies/icon_mad.gif"
00569:  C=200      0 L	       6 W	    171 Ch	  "wp-includes/images/smilies/icon_idea.gif"
00568:  C=200      2 L	       8 W	    235 Ch	  "wp-includes/images/smilies/icon_exclaim.gif"
00567:  C=200      0 L	       8 W	    191 Ch	  "wp-includes/images/smilies/icon_evil.gif"
00566:  C=200      0 L	       6 W	    163 Ch	  "wp-includes/images/smilies/icon_eek.gif"
00564:  C=200      2 L	       9 W	    170 Ch	  "wp-includes/images/smilies/icon_cool.gif"
00565:  C=200      9 L	      23 W	    404 Ch	  "wp-includes/images/smilies/icon_cry.gif"
00563:  C=200      1 L	      10 W	    168 Ch	  "wp-includes/images/smilies/icon_confused.gif"
00562:  C=200      1 L	       7 W	    168 Ch	  "wp-includes/images/smilies/icon_biggrin.gif"
00559:  C=200      2 L	      17 W	    573 Ch	  "wp-includes/images/rss.png"
00561:  C=200      1 L	       8 W	    168 Ch	  "wp-includes/images/smilies/icon_arrow.gif"
00558:  C=200      9 L	      54 W	   1263 Ch	  "wp-includes/images/crystal/video.png"
00557:  C=200      5 L	      27 W	    629 Ch	  "wp-includes/images/crystal/text.png"
00556:  C=200      5 L	      77 W	   2276 Ch	  "wp-includes/images/crystal/spreadsheet.png"
00555:  C=200      8 L	      16 W	    149 Ch	  "wp-includes/images/crystal/license.txt"
00554:  C=200      6 L	      58 W	   2070 Ch	  "wp-includes/images/crystal/interactive.png"
00551:  C=200      4 L	      45 W	   1505 Ch	  "wp-includes/images/crystal/code.png"
00553:  C=200      7 L	      55 W	   1947 Ch	  "wp-includes/images/crystal/document.png"
00550:  C=200      7 L	      54 W	   2055 Ch	  "wp-includes/images/crystal/audio.png"
00547:  C=200      1 L	       2 W	     43 Ch	  "wp-includes/images/blank.gif"
00549:  C=200      5 L	      68 W	   2274 Ch	  "wp-includes/images/crystal/archive.png"
00578:  C=200      1 L	       9 W	    166 Ch	  "wp-includes/images/smilies/icon_sad.gif"
00580:  C=200      2 L	       7 W	    174 Ch	  "wp-includes/images/smilies/icon_surprised.gif"
00584:  C=200     18 L	      77 W	   1448 Ch	  "wp-includes/images/wlw/"
00624:  C=200     35 L	      93 W	   3457 Ch	  "wp-includes/js/jquery/jquery.schedule.js"
00622:  C=200    134 L	     515 W	   5612 Ch	  "wp-includes/js/jquery/jquery.hotkeys.js"
00626:  C=200     99 L	     321 W	   3730 Ch	  "wp-includes/js/jquery/jquery.table-hotkeys.js"
00615:  C=200     34 L	     246 W	   4916 Ch	  "wp-includes/js/jquery/"
00592:  C=200    707 L	    2637 W	  29083 Ch	  "wp-includes/js/colorpicker.js"
00610:  C=200     18 L	      79 W	   1451 Ch	  "wp-includes/js/jcrop/"
00611:  C=200      8 L	      15 W	    315 Ch	  "wp-includes/js/jcrop/Jcrop.gif"
00607:  C=200     41 L	      74 W	    790 Ch	  "wp-includes/js/imgareaselect/imgareaselect.css"
00606:  C=200      6 L	      10 W	    178 Ch	  "wp-includes/js/imgareaselect/border-anim-v.gif"
00605:  C=200      6 L	      11 W	    178 Ch	  "wp-includes/js/imgareaselect/border-anim-h.gif"
00604:  C=200     20 L	     100 W	   1934 Ch	  "wp-includes/js/imgareaselect/"
00620:  C=200   1520 L	    5247 W	  41023 Ch	  "wp-includes/js/jquery/jquery.form.js"
00599:  C=200      8 L	      15 W	    292 Ch	  "wp-includes/js/crop/marqueeVert.gif"
00598:  C=200      0 L	      19 W	    276 Ch	  "wp-includes/js/crop/marqueeHoriz.gif"
00603:  C=200    115 L	     593 W	   4950 Ch	  "wp-includes/js/hoverIntent.js"
00596:  C=200    164 L	     407 W	   2949 Ch	  "wp-includes/js/crop/cropper.css"
00595:  C=200     19 L	      89 W	   1637 Ch	  "wp-includes/js/crop/"
00594:  C=200    444 L	    1603 W	  12457 Ch	  "wp-includes/js/comment-reply.js"
00609:  C=200   1232 L	    4393 W	  38130 Ch	  "wp-includes/js/imgareaselect/jquery.imgareaselect.js"
00597:  C=200    516 L	     845 W	  16485 Ch	  "wp-includes/js/crop/cropper.js"
00587:  C=200     14 L	     100 W	   2277 Ch	  "wp-includes/images/wlw/wp-watermark.png"
00586:  C=200      6 L	      31 W	    639 Ch	  "wp-includes/images/wlw/wp-icon.png"
00585:  C=200      8 L	      42 W	   1304 Ch	  "wp-includes/images/wlw/wp-comments.png"
00582:  C=200      0 L	       8 W	    166 Ch	  "wp-includes/images/smilies/icon_wink.gif"
00579:  C=200      0 L	       6 W	    167 Ch	  "wp-includes/images/smilies/icon_smile.gif"
00581:  C=200      0 L	       8 W	    239 Ch	  "wp-includes/images/smilies/icon_twisted.gif"
00590:  C=200    861 L	    2916 W	  21370 Ch	  "wp-includes/js/autosave.js"
00628:  C=200    316 L	     723 W	   6991 Ch	  "wp-includes/js/jquery/suggest.js"
00588:  C=200    126 L	    1222 W	  24443 Ch	  "wp-includes/js/"
00658:  C=200     54 L	     147 W	   1460 Ch	  "wp-includes/js/swfupload/handlers.js"
00656:  C=200     19 L	      88 W	   1643 Ch	  "wp-includes/js/swfupload/"
00655:  C=200      3 L	     190 W	  10231 Ch	  "wp-includes/js/swfobject.js"
00642:  C=200    749 L	    3117 W	  22615 Ch	  "wp-includes/js/quicktags.js"
00638:  C=200    518 L	    2244 W	  18422 Ch	  "wp-includes/js/json2.js"
00691:  C=200     17 L	      69 W	   1280 Ch	  "wp-includes/js/tinymce/plugins/fullscreen/"
00687:  C=200     17 L	      70 W	   1288 Ch	  "wp-includes/js/tinymce/plugins/directionality/"
00681:  C=200     37 L	     291 W	   5198 Ch	  "wp-includes/js/tinymce/plugins/"
00623:  C=200   10872 L	   44288 W	  287650 Ch	  "wp-includes/js/jquery/jquery.js"
00675:  C=200     16 L	      60 W	   1049 Ch	  "wp-includes/js/tinymce/langs/"
00673:  C=200     25 L	     155 W	   2826 Ch	  "wp-includes/js/tinymce/"
00671:  C=200    156 L	     354 W	   2659 Ch	  "wp-includes/js/thickbox/thickbox.css"
00680:  C=200    504 L	    4372 W	  26441 Ch	  "wp-includes/js/tinymce/license.txt"
00669:  C=200      2 L	       6 W	     93 Ch	  "wp-includes/js/thickbox/macFFBgHack.png"
00677:  C=200    516 L	    1703 W	  15529 Ch	  "wp-includes/js/tinymce/langs/wp-langs-en.js"
00665:  C=200    140 L	     387 W	   4439 Ch	  "wp-includes/js/swfupload/swfupload.js"
00672:  C=200    338 L	    1197 W	  13163 Ch	  "wp-includes/js/thickbox/thickbox.js"
00667:  C=200     19 L	      90 W	   1657 Ch	  "wp-includes/js/thickbox/"
00668:  C=200    121 L	     610 W	  14323 Ch	  "wp-includes/js/thickbox/loadingAnimation.gif"
00707:  C=200     17 L	      71 W	   1270 Ch	  "wp-includes/js/tinymce/plugins/paste/"
00701:  C=200     17 L	      71 W	   1270 Ch	  "wp-includes/js/tinymce/plugins/media/"
00733:  C=200     17 L	      71 W	   1278 Ch	  "wp-includes/js/tinymce/plugins/wordpress/"
00757:  C=200     17 L	      71 W	   1230 Ch	  "wp-includes/js/tinymce/themes/"
00749:  C=200     17 L	      69 W	   1278 Ch	  "wp-includes/js/tinymce/plugins/wpgallery/"
00742:  C=200     17 L	      71 W	   1282 Ch	  "wp-includes/js/tinymce/plugins/wpeditimage/"
00731:  C=200     17 L	      69 W	   1276 Ch	  "wp-includes/js/tinymce/plugins/tabfocus/"
00779:  C=200     72 L	     197 W	   2125 Ch	  "wp-includes/js/tinymce/utils/editable_selects.js"
00783:  C=200    267 L	     828 W	   6466 Ch	  "wp-includes/js/tinymce/utils/validate.js"
00791:  C=200     70 L	     431 W	   3205 Ch	  "wp-includes/js/wp-ajax-response.js"
00807:  C=200      0 L	       4 W	     29 Ch	  "wp-includes/ms-files.php"
00777:  C=200    542 L	    1928 W	  15988 Ch	  "wp-includes/js/tinymce/tiny_mce_popup.js"
00816:  C=200     21 L	     110 W	   2019 Ch	  "wp-includes/pomo/"
00788:  C=200    193 L	     503 W	   4969 Ch	  "wp-includes/js/tw-sack.js"
00793:  C=200     28 L	     136 W	    970 Ch	  "wp-includes/js/wp-list-revisions.js"
00795:  C=200    858 L	    3386 W	  25267 Ch	  "wp-includes/js/wp-lists.js"
00782:  C=200    167 L	     424 W	   4160 Ch	  "wp-includes/js/tinymce/utils/mctabs.js"
00778:  C=200     19 L	      89 W	   1668 Ch	  "wp-includes/js/tinymce/utils/"
00780:  C=200    222 L	     689 W	   6071 Ch	  "wp-includes/js/tinymce/utils/form_utils.js"
00876:  C=200      4 L	      15 W	    135 Ch	  "wp-trackback.php"
00868:  C=403    120 L	     314 W	   2674 Ch	  "wp-mail.php"
00867:  C=200     96 L	     460 W	   7896 Ch	  "wp-login.php"
00859:  C=200     43 L	      43 W	   1045 Ch	  "wp-includes/wlwmanifest.xml"
00865:  C=200     11 L	      24 W	    230 Ch	  "wp-links-opml.php"
00844:  C=200     16 L	      59 W	   1044 Ch	  "wp-includes/Text/Diff/Renderer/"
00847:  C=200     24 L	     143 W	   2678 Ch	  "wp-includes/theme-compat/"
00838:  C=200     19 L	      90 W	   1639 Ch	  "wp-includes/Text/Diff/Engine/"
00837:  C=200     18 L	      81 W	   1417 Ch	  "wp-includes/Text/Diff/"
00836:  C=200     17 L	      71 W	   1192 Ch	  "wp-includes/Text/"
00877:  C=405      0 L	       6 W	     42 Ch	  "xmlrpc.php"
00786:  C=200      1 L	    5608 W	  369699 Ch	  "wp-includes/js/tinymce/wp-tinymce.php"

Total time: 0
Processed Requests: 877
Filtered Requests: 674
Requests/sec.: 0
