http://site.wekor.thm/wordpress/.htaccess (Status: 403) [Size: 279]
http://site.wekor.thm/wordpress/.htaccess.php (Status: 403) [Size: 279]
http://site.wekor.thm/wordpress/.htaccess.txt (Status: 403) [Size: 279]
http://site.wekor.thm/wordpress/.htaccess.html (Status: 403) [Size: 279]
http://site.wekor.thm/wordpress/.hta (Status: 403) [Size: 279]
http://site.wekor.thm/wordpress/.hta.txt (Status: 403) [Size: 279]
http://site.wekor.thm/wordpress/.hta.html (Status: 403) [Size: 279]
http://site.wekor.thm/wordpress/.hta.php (Status: 403) [Size: 279]
http://site.wekor.thm/wordpress/.htpasswd (Status: 403) [Size: 279]
http://site.wekor.thm/wordpress/.htpasswd.php (Status: 403) [Size: 279]
http://site.wekor.thm/wordpress/.htpasswd.txt (Status: 403) [Size: 279]
http://site.wekor.thm/wordpress/.htpasswd.html (Status: 403) [Size: 279]
http://site.wekor.thm/wordpress/index.php (Status: 301) [Size: 0]
http://site.wekor.thm/wordpress/index.php (Status: 301) [Size: 0]
http://site.wekor.thm/wordpress/license.txt (Status: 200) [Size: 19915]
http://site.wekor.thm/wordpress/readme.html (Status: 200) [Size: 7278]
http://site.wekor.thm/wordpress/wp-admin (Status: 301) [Size: 329]
http://site.wekor.thm/wordpress/wp-blog-header.php (Status: 200) [Size: 0]
http://site.wekor.thm/wordpress/wp-cron.php (Status: 200) [Size: 0]
http://site.wekor.thm/wordpress/wp-config.php (Status: 200) [Size: 0]
http://site.wekor.thm/wordpress/wp-content (Status: 301) [Size: 331]
http://site.wekor.thm/wordpress/wp-links-opml.php (Status: 200) [Size: 230]
http://site.wekor.thm/wordpress/wp-includes (Status: 301) [Size: 332]
http://site.wekor.thm/wordpress/wp-load.php (Status: 200) [Size: 0]
http://site.wekor.thm/wordpress/wp-login.php (Status: 200) [Size: 7896]
http://site.wekor.thm/wordpress/wp-mail.php (Status: 403) [Size: 2674]
http://site.wekor.thm/wordpress/wp-settings.php (Status: 500) [Size: 0]
http://site.wekor.thm/wordpress/wp-signup.php (Status: 302) [Size: 0]
http://site.wekor.thm/wordpress/wp-trackback.php (Status: 200) [Size: 135]
