/Blog                 (Status: 200) [Size: 5389]
/Archive              (Status: 301) [Size: 123] [--> /blog/]
/RSS                  (Status: 200) [Size: 1869]
/SiteMap              (Status: 200) [Size: 1035]
/Search               (Status: 200) [Size: 3464]
/archive              (Status: 301) [Size: 123] [--> /blog/]
/authors              (Status: 200) [Size: 4110]
/blog                 (Status: 200) [Size: 5389]
/categories           (Status: 200) [Size: 3536]
/install              (Status: 302) [Size: 126] [--> /umbraco/]
/render/https://www.google.com (Status: 400) [Size: 3420]
/render/https://www.google.com.php (Status: 400) [Size: 3420]
/render/https://www.google.com.txt (Status: 400) [Size: 3420]
/render/https://www.google.com.html (Status: 400) [Size: 3420]
/render/https://www.google.com.bak (Status: 400) [Size: 3420]
/robots.txt           (Status: 200) [Size: 192]
/robots.txt           (Status: 200) [Size: 192]
/rss                  (Status: 200) [Size: 1859]
/search               (Status: 200) [Size: 3414]
/sitemap              (Status: 200) [Size: 1030]
/tags                 (Status: 200) [Size: 3539]
